# JRE version: Java(TM) SE Runtime Environment (8.0_201-b09) (build 1.8.0_201-b09)
# Java VM: Java HotSpot(TM) 64-Bit Server VM (25.201-b09 mixed mode windows-amd64 compressed oops)
Heap:
 PSYoungGen      total 62976K, used 36591K [0x00000000d5f00000, 0x00000000dab00000, 0x0000000100000000)
  eden space 49152K, 67% used [0x00000000d5f00000,0x00000000d7f2d958,0x00000000d8f00000)
  from space 13824K, 26% used [0x00000000d9d80000,0x00000000da10e678,0x00000000dab00000)
  to   space 14336K, 0% used [0x00000000d8f00000,0x00000000d8f00000,0x00000000d9d00000)
 ParOldGen       total 66048K, used 16138K [0x0000000081c00000, 0x0000000085c80000, 0x00000000d5f00000)
  object space 66048K, 24% used [0x0000000081c00000,0x0000000082bc2ba8,0x0000000085c80000)
 Metaspace       used 44027K, capacity 44430K, committed 44672K, reserved 1087488K
  class space    used 6348K, capacity 6461K, committed 6528K, reserved 1048576K
GC Heap History (10 events):
Event: 21.675 GC heap before
{Heap before GC invocations=8 (full 1):
 PSYoungGen      total 50688K, used 40264K [0x00000000d5f00000, 0x00000000dae80000, 0x0000000100000000)
  eden space 33792K, 100% used [0x00000000d5f00000,0x00000000d8000000,0x00000000d8000000)
  from space 16896K, 38% used [0x00000000d8f80000,0x00000000d95d23c8,0x00000000da000000)
  to   space 15872K, 0% used [0x00000000d8000000,0x00000000d8000000,0x00000000d8f80000)
 ParOldGen       total 60928K, used 15336K [0x0000000081c00000, 0x0000000085780000, 0x00000000d5f00000)
  object space 60928K, 25% used [0x0000000081c00000,0x0000000082afa280,0x0000000085780000)
 Metaspace       used 34992K, capacity 35206K, committed 35456K, reserved 1079296K
  class space    used 4879K, capacity 4971K, committed 4992K, reserved 1048576K
Event: 21.680 GC heap after
Heap after GC invocations=8 (full 1):
 PSYoungGen      total 40448K, used 6974K [0x00000000d5f00000, 0x00000000d9c80000, 0x0000000100000000)
  eden space 33280K, 0% used [0x00000000d5f00000,0x00000000d5f00000,0x00000000d7f80000)
  from space 7168K, 97% used [0x00000000d8000000,0x00000000d86cfaf0,0x00000000d8700000)
  to   space 14848K, 0% used [0x00000000d8e00000,0x00000000d8e00000,0x00000000d9c80000)
 ParOldGen       total 60928K, used 15344K [0x0000000081c00000, 0x0000000085780000, 0x00000000d5f00000)
  object space 60928K, 25% used [0x0000000081c00000,0x0000000082afc280,0x0000000085780000)
 Metaspace       used 34992K, capacity 35206K, committed 35456K, reserved 1079296K
  class space    used 4879K, capacity 4971K, committed 4992K, reserved 1048576K
}
Event: 21.702 GC heap before
{Heap before GC invocations=9 (full 1):
 PSYoungGen      total 40448K, used 9663K [0x00000000d5f00000, 0x00000000d9c80000, 0x0000000100000000)
  eden space 33280K, 8% used [0x00000000d5f00000,0x00000000d61a03d0,0x00000000d7f80000)
  from space 7168K, 97% used [0x00000000d8000000,0x00000000d86cfaf0,0x00000000d8700000)
  to   space 14848K, 0% used [0x00000000d8e00000,0x00000000d8e00000,0x00000000d9c80000)
 ParOldGen       total 60928K, used 15344K [0x0000000081c00000, 0x0000000085780000, 0x00000000d5f00000)
  object space 60928K, 25% used [0x0000000081c00000,0x0000000082afc280,0x0000000085780000)
 Metaspace       used 35188K, capacity 35334K, committed 35456K, reserved 1079296K
  class space    used 4899K, capacity 4971K, committed 4992K, reserved 1048576K
Event: 21.705 GC heap after
Heap after GC invocations=9 (full 1):
 PSYoungGen      total 48640K, used 4086K [0x00000000d5f00000, 0x00000000db800000, 0x0000000100000000)
  eden space 33792K, 0% used [0x00000000d5f00000,0x00000000d5f00000,0x00000000d8000000)
  from space 14848K, 27% used [0x00000000d8e00000,0x00000000d91fd998,0x00000000d9c80000)
  to   space 14336K, 0% used [0x00000000d8000000,0x00000000d8000000,0x00000000d8e00000)
 ParOldGen       total 60928K, used 15352K [0x0000000081c00000, 0x0000000085780000, 0x00000000d5f00000)
  object space 60928K, 25% used [0x0000000081c00000,0x0000000082afe280,0x0000000085780000)
 Metaspace       used 35188K, capacity 35334K, committed 35456K, reserved 1079296K
  class space    used 4899K, capacity 4971K, committed 4992K, reserved 1048576K
}
Event: 21.705 GC heap before
{Heap before GC invocations=10 (full 2):
 PSYoungGen      total 48640K, used 4086K [0x00000000d5f00000, 0x00000000db800000, 0x0000000100000000)
  eden space 33792K, 0% used [0x00000000d5f00000,0x00000000d5f00000,0x00000000d8000000)
  from space 14848K, 27% used [0x00000000d8e00000,0x00000000d91fd998,0x00000000d9c80000)
  to   space 14336K, 0% used [0x00000000d8000000,0x00000000d8000000,0x00000000d8e00000)
 ParOldGen       total 60928K, used 15352K [0x0000000081c00000, 0x0000000085780000, 0x00000000d5f00000)
  object space 60928K, 25% used [0x0000000081c00000,0x0000000082afe280,0x0000000085780000)
 Metaspace       used 35188K, capacity 35334K, committed 35456K, reserved 1079296K
  class space    used 4899K, capacity 4971K, committed 4992K, reserved 1048576K
Event: 21.763 GC heap after
Heap after GC invocations=10 (full 2):
 PSYoungGen      total 48640K, used 0K [0x00000000d5f00000, 0x00000000db800000, 0x0000000100000000)
  eden space 33792K, 0% used [0x00000000d5f00000,0x00000000d5f00000,0x00000000d8000000)
  from space 14848K, 0% used [0x00000000d8e00000,0x00000000d8e00000,0x00000000d9c80000)
  to   space 14336K, 0% used [0x00000000d8000000,0x00000000d8000000,0x00000000d8e00000)
 ParOldGen       total 66048K, used 16130K [0x0000000081c00000, 0x0000000085c80000, 0x00000000d5f00000)
  object space 66048K, 24% used [0x0000000081c00000,0x0000000082bc0ba8,0x0000000085c80000)
 Metaspace       used 35188K, capacity 35334K, committed 35456K, reserved 1079296K
  class space    used 4899K, capacity 4971K, committed 4992K, reserved 1048576K
}
Event: 22.145 GC heap before
{Heap before GC invocations=11 (full 2):
 PSYoungGen      total 48640K, used 33792K [0x00000000d5f00000, 0x00000000db800000, 0x0000000100000000)
  eden space 33792K, 100% used [0x00000000d5f00000,0x00000000d8000000,0x00000000d8000000)
  from space 14848K, 0% used [0x00000000d8e00000,0x00000000d8e00000,0x00000000d9c80000)
  to   space 14336K, 0% used [0x00000000d8000000,0x00000000d8000000,0x00000000d8e00000)
 ParOldGen       total 66048K, used 16130K [0x0000000081c00000, 0x0000000085c80000, 0x00000000d5f00000)
  object space 66048K, 24% used [0x0000000081c00000,0x0000000082bc0ba8,0x0000000085c80000)
 Metaspace       used 37216K, capacity 37446K, committed 37632K, reserved 1081344K
  class space    used 5270K, capacity 5355K, committed 5376K, reserved 1048576K
Event: 22.147 GC heap after
Heap after GC invocations=11 (full 2):
 PSYoungGen      total 48128K, used 2679K [0x00000000d5f00000, 0x00000000dab80000, 0x0000000100000000)
  eden space 33792K, 0% used [0x00000000d5f00000,0x00000000d5f00000,0x00000000d8000000)
  from space 14336K, 18% used [0x00000000d8000000,0x00000000d829dd50,0x00000000d8e00000)
  to   space 14336K, 0% used [0x00000000d9d80000,0x00000000d9d80000,0x00000000dab80000)
 ParOldGen       total 66048K, used 16130K [0x0000000081c00000, 0x0000000085c80000, 0x00000000d5f00000)
  object space 66048K, 24% used [0x0000000081c00000,0x0000000082bc0ba8,0x0000000085c80000)
 Metaspace       used 37216K, capacity 37446K, committed 37632K, reserved 1081344K
  class space    used 5270K, capacity 5355K, committed 5376K, reserved 1048576K
}
Event: 22.946 GC heap before
{Heap before GC invocations=12 (full 2):
 PSYoungGen      total 48128K, used 36471K [0x00000000d5f00000, 0x00000000dab80000, 0x0000000100000000)
  eden space 33792K, 100% used [0x00000000d5f00000,0x00000000d8000000,0x00000000d8000000)
  from space 14336K, 18% used [0x00000000d8000000,0x00000000d829dd50,0x00000000d8e00000)
  to   space 14336K, 0% used [0x00000000d9d80000,0x00000000d9d80000,0x00000000dab80000)
 ParOldGen       total 66048K, used 16130K [0x0000000081c00000, 0x0000000085c80000, 0x00000000d5f00000)
  object space 66048K, 24% used [0x0000000081c00000,0x0000000082bc0ba8,0x0000000085c80000)
 Metaspace       used 41056K, capacity 41302K, committed 41600K, reserved 1085440K
  class space    used 5885K, capacity 5959K, committed 6016K, reserved 1048576K
Event: 22.951 GC heap after
Heap after GC invocations=12 (full 2):
 PSYoungGen      total 62976K, used 3641K [0x00000000d5f00000, 0x00000000dab00000, 0x0000000100000000)
  eden space 49152K, 0% used [0x00000000d5f00000,0x00000000d5f00000,0x00000000d8f00000)
  from space 13824K, 26% used [0x00000000d9d80000,0x00000000da10e678,0x00000000dab00000)
  to   space 14336K, 0% used [0x00000000d8f00000,0x00000000d8f00000,0x00000000d9d00000)
 ParOldGen       total 66048K, used 16138K [0x0000000081c00000, 0x0000000085c80000, 0x00000000d5f00000)
  object space 66048K, 24% used [0x0000000081c00000,0x0000000082bc2ba8,0x0000000085c80000)
 Metaspace       used 41056K, capacity 41302K, committed 41600K, reserved 1085440K
  class space    used 5885K, capacity 5959K, committed 6016K, reserved 1048576K
}

